<?xml version="1.0" encoding="UTF-8"?>
<!-- Generated by org.testng.reporters.JUnitReportReporter -->
<testsuite hostname="TRANVANDINH" name="com.tvdinh.test.CustomerTest" tests="1" failures="0" timestamp="23 Aug 2020 15:21:48 GMT" time="2.698" errors="0">
  <testcase name="checkUpdateCustomer" time="2.698" classname="com.tvdinh.test.CustomerTest"/>
</testsuite> <!-- com.tvdinh.test.CustomerTest -->
