<?xml version="1.0" encoding="UTF-8"?>
<!-- Generated by org.testng.reporters.JUnitReportReporter -->
<testsuite hostname="TRANVANDINH" name="com.tvdinh.test.CustomerTest" tests="1" failures="0" timestamp="27 Sep 2020 14:39:36 GMT" time="2.609" errors="0">
  <testcase name="checkSave" time="2.609" classname="com.tvdinh.test.CustomerTest"/>
</testsuite> <!-- com.tvdinh.test.CustomerTest -->
