<?xml version="1.0" encoding="UTF-8"?>
<!-- Generated by org.testng.reporters.JUnitReportReporter -->
<testsuite hostname="TRANVANDINH" name="com.tvdinh.test.CustomerTest" tests="1" failures="0" timestamp="30 Aug 2020 02:18:11 GMT" time="4.605" errors="0">
  <testcase name="checkSave" time="4.605" classname="com.tvdinh.test.CustomerTest"/>
</testsuite> <!-- com.tvdinh.test.CustomerTest -->
