<?xml version="1.0" encoding="UTF-8"?>
<!-- Generated by org.testng.reporters.JUnitReportReporter -->
<testsuite hostname="TRANVANDINH" name="com.tvdinh.test.RoleTest" tests="1" failures="0" timestamp="28 Aug 2020 03:41:19 GMT" time="2.040" errors="0">
  <testcase name="checkSave" time="2.040" classname="com.tvdinh.test.RoleTest"/>
</testsuite> <!-- com.tvdinh.test.RoleTest -->
