<?xml version="1.0" encoding="UTF-8"?>
<!-- Generated by org.testng.reporters.JUnitReportReporter -->
<testsuite hostname="TRANVANDINH" name="com.tvdinh.test.CustomerTest" tests="1" failures="0" timestamp="15 Sep 2020 03:15:09 GMT" time="2.756" errors="0">
  <testcase name="checkSave" time="2.756" classname="com.tvdinh.test.CustomerTest"/>
</testsuite> <!-- com.tvdinh.test.CustomerTest -->
