<?xml version="1.0" encoding="UTF-8"?>
<!-- Generated by org.testng.reporters.JUnitReportReporter -->
<testsuite hostname="TRANVANDINH" name="com.tvdinh.test.CustomerTest" tests="1" failures="0" timestamp="23 Aug 2020 10:23:01 GMT" time="69.974" errors="0">
  <testcase name="checkUpdateCustomer" time="69.974" classname="com.tvdinh.test.CustomerTest"/>
</testsuite> <!-- com.tvdinh.test.CustomerTest -->
