<?xml version="1.0" encoding="UTF-8"?>
<!-- Generated by org.testng.reporters.JUnitReportReporter -->
<testsuite hostname="TRANVANDINH" name="NewTest" tests="1" failures="0" timestamp="23 Aug 2020 06:20:01 GMT" time="0.015" errors="0">
  <testcase name="f" time="0.015" classname="NewTest"/>
</testsuite> <!-- NewTest -->
