<?xml version="1.0" encoding="UTF-8"?>
<!-- Generated by org.testng.reporters.JUnitReportReporter -->
<testsuite hostname="TRANVANDINH" name="com.tvdinh.test.RoleTest" tests="1" failures="0" timestamp="27 Aug 2020 00:34:27 GMT" time="3.349" errors="0">
  <testcase name="checkSave" time="3.349" classname="com.tvdinh.test.RoleTest"/>
</testsuite> <!-- com.tvdinh.test.RoleTest -->
