<?xml version="1.0" encoding="UTF-8"?>
<!-- Generated by org.testng.reporters.JUnitReportReporter -->
<testsuite hostname="TRANVANDINH" name="com.tvdinh.test.RoleTest" tests="1" failures="0" timestamp="24 Aug 2020 09:44:58 GMT" time="2.779" errors="0">
  <testcase name="checkSave" time="2.779" classname="com.tvdinh.test.RoleTest"/>
</testsuite> <!-- com.tvdinh.test.RoleTest -->
