<?xml version="1.0" encoding="UTF-8"?>
<!-- Generated by org.testng.reporters.JUnitReportReporter -->
<testsuite hostname="TRANVANDINH" name="com.tvdinh.test.CustomerTest" tests="7" failures="0" timestamp="13 Sep 2020 16:21:30 GMT" time="11.816" errors="0">
  <testcase name="findAll" time="0.306" classname="com.tvdinh.test.CustomerTest"/>
  <testcase name="checkUpdateCustomer" time="0.256" classname="com.tvdinh.test.CustomerTest"/>
  <testcase name="checkSave" time="1.222" classname="com.tvdinh.test.CustomerTest"/>
  <testcase name="findAllCus" time="1.965" classname="com.tvdinh.test.CustomerTest"/>
  <testcase name="checkDelete" time="5.652" classname="com.tvdinh.test.CustomerTest"/>
  <testcase name="checkFindID" time="1.113" classname="com.tvdinh.test.CustomerTest"/>
  <testcase name="checkFindUsernameAndStatus" time="1.302" classname="com.tvdinh.test.CustomerTest"/>
</testsuite> <!-- com.tvdinh.test.CustomerTest -->
