<?xml version="1.0" encoding="UTF-8"?>
<!-- Generated by org.testng.reporters.JUnitReportReporter -->
<testsuite hostname="TRANVANDINH" name="com.tvdinh.test.RoleTest" tests="1" failures="0" timestamp="13 Sep 2020 16:21:30 GMT" time="0.143" errors="0">
  <testcase name="checkSave" time="0.143" classname="com.tvdinh.test.RoleTest"/>
</testsuite> <!-- com.tvdinh.test.RoleTest -->
